#
# There is insufficient memory for the Java Runtime Environment to continue.
# Native memory allocation (mmap) failed to map 58720256 bytes. Error detail: G1 virtual space
# Possible reasons:
#   The system is out of physical RAM or swap space
#   This process is running with CompressedOops enabled, and the Java Heap may be blocking the growth of the native heap
# Possible solutions:
#   Reduce memory load on the system
#   Increase physical memory or swap space
#   Check if swap backing store is full
#   Decrease Java heap size (-Xmx/-Xms)
#   Decrease number of Java threads
#   Decrease Java thread stack sizes (-Xss)
#   Set larger code cache with -XX:ReservedCodeCacheSize=
#   JVM is running with Unscaled Compressed Oops mode in which the Java heap is
#     placed in the first 4GB address space. The Java Heap base address is the
#     maximum limit for the native heap growth. Please use -XX:HeapBaseMinAddress
#     to set the Java Heap base and to place the Java Heap above 4GB virtual address.
# This output file may be truncated or incomplete.
#
#  Out of Memory Error (os_windows.cpp:3707), pid=25324, tid=14424
#
# JRE version:  (23.0.2+7) (build )
# Java VM: Java HotSpot(TM) 64-Bit Server VM (23.0.2+7-58, mixed mode, sharing, tiered, compressed oops, compressed class ptrs, g1 gc, windows-amd64)
# No core dump will be written. Minidumps are not enabled by default on client versions of Windows
#

---------------  S U M M A R Y ------------

Command Line: -XX:+ShowCodeDetailsInExceptionMessages Main

Host: AMD Athlon Silver 3050U with Radeon Graphics   , 2 cores, 3G,  Windows 11 , 64 bit Build 22621 (10.0.22621.5262)
Time: Sun Jun  8 22:15:22 2025 SE Asia Standard Time elapsed time: 0.076815 seconds (0d 0h 0m 0s)

---------------  T H R E A D  ---------------

Current thread (0x000001500aa8e520):  JavaThread "Unknown thread" [_thread_in_vm, id=14424, stack(0x0000003e25d00000,0x0000003e25e00000) (1024K)]

Stack: [0x0000003e25d00000,0x0000003e25e00000]
Native frames: (J=compiled Java code, j=interpreted, Vv=VM code, C=native code)
V  [jvm.dll+0x6e0b99]  (no source info available)
V  [jvm.dll+0x87e2b3]  (no source info available)
V  [jvm.dll+0x88073e]  (no source info available)
V  [jvm.dll+0x880e13]  (no source info available)
V  [jvm.dll+0x27b006]  (no source info available)
V  [jvm.dll+0x6dd485]  (no source info available)
V  [jvm.dll+0x6d127a]  (no source info available)
V  [jvm.dll+0x35b50a]  (no source info available)
V  [jvm.dll+0x363916]  (no source info available)
V  [jvm.dll+0x34fe7e]  (no source info available)
V  [jvm.dll+0x350118]  (no source info available)
V  [jvm.dll+0x328aec]  (no source info available)
V  [jvm.dll+0x32978e]  (no source info available)
V  [jvm.dll+0x8449a5]  (no source info available)
V  [jvm.dll+0x3b9a08]  (no source info available)
V  [jvm.dll+0x82d68c]  (no source info available)
V  [jvm.dll+0x454f2e]  (no source info available)
V  [jvm.dll+0x456db1]  (no source info available)
C  [jli.dll+0x52a3]  (no source info available)
C  [ucrtbase.dll+0x29333]  (no source info available)
C  [KERNEL32.DLL+0x1259d]  (no source info available)
C  [ntdll.dll+0x5af58]  (no source info available)

Lock stack of current Java thread (top to bottom):


---------------  P R O C E S S  ---------------

Threads class SMR info:
_java_thread_list=0x00007ff92f2d4618, length=0, elements={
}

Java Threads: ( => current thread )
Total: 0

Other Threads:
  0x000001500ce4c6c0 WorkerThread "GC Thread#0"                     [id=29900, stack(0x0000003e25e00000,0x0000003e25f00000) (1024K)]
  0x000001500ce55ff0 ConcurrentGCThread "G1 Main Marker"            [id=30192, stack(0x0000003e25f00000,0x0000003e26000000) (1024K)]
  0x000001500ce56cb0 WorkerThread "G1 Conc#0"                       [id=10528, stack(0x0000003e26000000,0x0000003e26100000) (1024K)]

[error occurred during error reporting (printing all threads), id 0xc0000005, EXCEPTION_ACCESS_VIOLATION (0xc0000005) at pc=0x00007ff92ea1c0da]
VM state: not at safepoint (not fully initialized)

VM Mutex/Monitor currently owned by a thread:  ([mutex/lock_event])
[0x00007ff92f354988] Heap_lock - owner thread: 0x000001500aa8e520

Heap address: 0x00000000c9400000, size: 876 MB, Compressed Oops mode: 32-bit

CDS archive(s) mapped at: [0x0000000000000000-0x0000000000000000-0x0000000000000000), size 0, SharedBaseAddress: 0x0000000800000000, ArchiveRelocationMode: 1.
Narrow klass base: 0x0000000000000000, Narrow klass shift: 0, Narrow klass range: 0x0

GC Precious Log:
 CardTable entry size: 512
 Card Set container configuration: InlinePtr #cards 5 size 8 Array Of Cards #cards 10 size 36 Howl #buckets 4 coarsen threshold 1843 Howl Bitmap #cards 512 size 80 coarsen threshold 460 Card regions per heap region 1 cards per card region 2048

Heap:
 garbage-first heap   total reserved 897024K, committed 0K, used 0K [0x00000000c9400000, 0x0000000100000000)
  region size 1024K, 0 young (0K), 0 survivors (0K)

[error occurred during error reporting (printing heap information), id 0xc0000005, EXCEPTION_ACCESS_VIOLATION (0xc0000005) at pc=0x00007ff92ee1c6a9]
GC Heap History (0 events):
No events

Dll operation events (1 events):
Event: 0.043 Loaded shared library C:\Program Files\Java\jdk-23\bin\java.dll

Deoptimization events (0 events):
No events

Classes loaded (0 events):
No events

Classes unloaded (0 events):
No events

Classes redefined (0 events):
No events

Internal exceptions (0 events):
No events

VM Operations (0 events):
No events

Memory protections (0 events):
No events

Nmethod flushes (0 events):
No events

Events (0 events):
No events


Dynamic libraries:
0x00007ff7a35f0000 - 0x00007ff7a3600000 	C:\Program Files\Java\jdk-23\bin\java.exe
0x00007ff9f2cb0000 - 0x00007ff9f2ec7000 	C:\WINDOWS\SYSTEM32\ntdll.dll
0x00007ff9f1aa0000 - 0x00007ff9f1b64000 	C:\WINDOWS\System32\KERNEL32.DLL
0x00007ff9f0250000 - 0x00007ff9f0623000 	C:\WINDOWS\System32\KERNELBASE.dll
0x00007ff9f0630000 - 0x00007ff9f0741000 	C:\WINDOWS\System32\ucrtbase.dll
0x00007ff9d2c00000 - 0x00007ff9d2c17000 	C:\Program Files\Java\jdk-23\bin\jli.dll
0x00007ff9f0de0000 - 0x00007ff9f0f91000 	C:\WINDOWS\System32\USER32.dll
0x00007ff9effb0000 - 0x00007ff9effd6000 	C:\WINDOWS\System32\win32u.dll
0x00007ff9f1850000 - 0x00007ff9f1879000 	C:\WINDOWS\System32\GDI32.dll
0x00007ff9f0750000 - 0x00007ff9f0872000 	C:\WINDOWS\System32\gdi32full.dll
0x00007ff9efda0000 - 0x00007ff9efe3a000 	C:\WINDOWS\System32\msvcp_win.dll
0x00007ff9d8e80000 - 0x00007ff9d911b000 	C:\WINDOWS\WinSxS\amd64_microsoft.windows.common-controls_6595b64144ccf1df_6.0.22621.5262_none_2712bde373830908\COMCTL32.dll
0x00007ff9f0d30000 - 0x00007ff9f0dd7000 	C:\WINDOWS\System32\msvcrt.dll
0x00007ff9bcbd0000 - 0x00007ff9bcbeb000 	C:\Program Files\Java\jdk-23\bin\VCRUNTIME140.dll
0x00007ff9f0b50000 - 0x00007ff9f0b81000 	C:\WINDOWS\System32\IMM32.DLL
0x00007ff9e51a0000 - 0x00007ff9e51ac000 	C:\Program Files\Java\jdk-23\bin\vcruntime140_1.dll
0x00007ff993fd0000 - 0x00007ff99405e000 	C:\Program Files\Java\jdk-23\bin\msvcp140.dll
0x00007ff92e6e0000 - 0x00007ff92f430000 	C:\Program Files\Java\jdk-23\bin\server\jvm.dll
0x00007ff9f2bb0000 - 0x00007ff9f2c61000 	C:\WINDOWS\System32\ADVAPI32.dll
0x00007ff9f0940000 - 0x00007ff9f09e7000 	C:\WINDOWS\System32\sechost.dll
0x00007ff9f01a0000 - 0x00007ff9f01c8000 	C:\WINDOWS\System32\bcrypt.dll
0x00007ff9f26b0000 - 0x00007ff9f27c4000 	C:\WINDOWS\System32\RPCRT4.dll
0x00007ff9f0c90000 - 0x00007ff9f0d01000 	C:\WINDOWS\System32\WS2_32.dll
0x00007ff9efc80000 - 0x00007ff9efccd000 	C:\WINDOWS\SYSTEM32\POWRPROF.dll
0x00007ff9e9aa0000 - 0x00007ff9e9ad4000 	C:\WINDOWS\SYSTEM32\WINMM.dll
0x00007ff9e84d0000 - 0x00007ff9e84da000 	C:\WINDOWS\SYSTEM32\VERSION.dll
0x00007ff9efc50000 - 0x00007ff9efc63000 	C:\WINDOWS\SYSTEM32\UMPDC.dll
0x00007ff9eede0000 - 0x00007ff9eedf8000 	C:\WINDOWS\SYSTEM32\kernel.appcore.dll
0x00007ff9e5160000 - 0x00007ff9e516a000 	C:\Program Files\Java\jdk-23\bin\jimage.dll
0x00007ff9e8b70000 - 0x00007ff9e8da2000 	C:\WINDOWS\SYSTEM32\DBGHELP.DLL
0x00007ff9f1030000 - 0x00007ff9f13c3000 	C:\WINDOWS\System32\combase.dll
0x00007ff9f0b90000 - 0x00007ff9f0c67000 	C:\WINDOWS\System32\OLEAUT32.dll
0x00007ff9d2ec0000 - 0x00007ff9d2ef2000 	C:\WINDOWS\SYSTEM32\dbgcore.DLL
0x00007ff9f01d0000 - 0x00007ff9f024b000 	C:\WINDOWS\System32\bcryptPrimitives.dll
0x00007ff9bb040000 - 0x00007ff9bb05e000 	C:\Program Files\Java\jdk-23\bin\java.dll
0x00007ff9f2990000 - 0x00007ff9f2b31000 	C:\WINDOWS\System32\ole32.dll
0x00007ff9f1b70000 - 0x00007ff9f240d000 	C:\WINDOWS\System32\SHELL32.dll
0x00007ff9effe0000 - 0x00007ff9f011f000 	C:\WINDOWS\System32\wintypes.dll

dbghelp: loaded successfully - version: 4.0.5 - missing functions: none
symbol engine: initialized successfully - sym options: 0x614 - pdb path: .;C:\Program Files\Java\jdk-23\bin;C:\WINDOWS\SYSTEM32;C:\WINDOWS\WinSxS\amd64_microsoft.windows.common-controls_6595b64144ccf1df_6.0.22621.5262_none_2712bde373830908;C:\Program Files\Java\jdk-23\bin\server

VM Arguments:
jvm_args: -XX:+ShowCodeDetailsInExceptionMessages 
java_command: Main
java_class_path (initial): C:\Users\HP\AppData\Roaming\Code\User\workspaceStorage\b293e535216cbd138da84df58e949718\redhat.java\jdt_ws\Syntax_Squad-PP1-B-2025_733d4d30\bin
Launcher Type: SUN_STANDARD

[Global flags]
     intx CICompilerCount                          = 2                                         {product} {ergonomic}
     uint ConcGCThreads                            = 1                                         {product} {ergonomic}
     uint G1ConcRefinementThreads                  = 2                                         {product} {ergonomic}
   size_t G1HeapRegionSize                         = 1048576                                   {product} {ergonomic}
   size_t InitialHeapSize                          = 58720256                                  {product} {ergonomic}
   size_t MarkStackSize                            = 4194304                                   {product} {ergonomic}
   size_t MarkStackSizeMax                         = 536870912                                 {product} {ergonomic}
   size_t MaxHeapSize                              = 918552576                                 {product} {ergonomic}
   size_t MinHeapDeltaBytes                        = 1048576                                   {product} {ergonomic}
   size_t MinHeapSize                              = 8388608                                   {product} {ergonomic}
    uintx NonNMethodCodeHeapSize                   = 5767168                                {pd product} {ergonomic}
    uintx NonProfiledCodeHeapSize                  = 123011072                              {pd product} {ergonomic}
    uintx ProfiledCodeHeapSize                     = 122880000                              {pd product} {ergonomic}
    uintx ReservedCodeCacheSize                    = 251658240                              {pd product} {ergonomic}
     bool SegmentedCodeCache                       = true                                      {product} {ergonomic}
     bool ShowCodeDetailsInExceptionMessages       = true                                   {manageable} {command line}
   size_t SoftMaxHeapSize                          = 918552576                              {manageable} {ergonomic}
     bool UseCompressedOops                        = true                           {product lp64_product} {ergonomic}
     bool UseG1GC                                  = true                                      {product} {ergonomic}
     bool UseLargePagesIndividualAllocation        = false                                  {pd product} {ergonomic}

Logging:
Log output configuration:
 #0: stdout all=warning uptime,level,tags foldmultilines=false
 #1: stderr all=off uptime,level,tags foldmultilines=false

Environment Variables:
PATH=C:\Program Files\Common Files\Oracle\Java\javapath;C:\WINDOWS\system32;C:\WINDOWS;C:\WINDOWS\System32\Wbem;C:\WINDOWS\System32\WindowsPowerShell\v1.0\;C:\WINDOWS\System32\OpenSSH\;C:\Program Files\dotnet\;C:\Program Files (x86)\Microsoft SQL Server\160\Tools\Binn\;C:\Program Files\Microsoft SQL Server\160\Tools\Binn\;C:\Program Files\Microsoft SQL Server\Client SDK\ODBC\170\Tools\Binn\;C:\Program Files\Microsoft SQL Server\160\DTS\Binn\;C:\Program Files (x86)\Microsoft SQL Server\160\DTS\Binn\;C:\Program Files\Git\cmd;C:\Users\HP\AppData\Local\Microsoft\WindowsApps;;C:\Users\HP\AppData\Local\Programs\Microsoft VS Code\bin;C:\Users\HP\.dotnet\tools
USERNAME=HP
LANG=en_US.UTF-8
OS=Windows_NT
PROCESSOR_IDENTIFIER=AMD64 Family 23 Model 24 Stepping 1, AuthenticAMD
TMP=C:\Users\HP\AppData\Local\Temp
TEMP=C:\Users\HP\AppData\Local\Temp




Periodic native trim disabled

---------------  S Y S T E M  ---------------

OS:
 Windows 11 , 64 bit Build 22621 (10.0.22621.5262)
OS uptime: 10 days 4:31 hours

CPU: total 2 (initial active 2) (2 cores per cpu, 1 threads per core) family 23 model 24 stepping 1 microcode 0x0, cx8, cmov, fxsr, mmx, 3dnowpref, sse, sse2, sse3, ssse3, sse4a, sse4.1, sse4.2, popcnt, lzcnt, tsc, tscinvbit, avx, avx2, aes, clmul, bmi1, bmi2, adx, sha, fma, vzeroupper, clflush, clflushopt, rdtscp, f16c
Processor Information for the first 2 processors :
  Max Mhz: 2300, Current Mhz: 2300, Mhz Limit: 2300

Memory: 4k page, system-wide physical 3499M (350M free)
TotalPageFile size 14251M (AvailPageFile size 9M)
current process WorkingSet (physical memory assigned to process): 11M, peak: 11M
current process commit charge ("private bytes"): 48M, peak: 103M

vm_info: Java HotSpot(TM) 64-Bit Server VM (23.0.2+7-58) for windows-amd64 JRE (23.0.2+7-58), built on 2024-11-29T09:34:55Z with MS VC++ 17.6 (VS2022)

END.
